Release 13.4 - xst O.87xd (nt64)
Copyright (c) 1995-2011 Xilinx, Inc.  All rights reserved.
--> Parameter TMPDIR set to xst/projnav.tmp


Total REAL time to Xst completion: 0.00 secs
Total CPU time to Xst completion: 0.31 secs
 
--> Parameter xsthdpdir set to xst


Total REAL time to Xst completion: 0.00 secs
Total CPU time to Xst completion: 0.31 secs
 
--> Reading design: VGAController.prj

TABLE OF CONTENTS
  1) Synthesis Options Summary
  2) HDL Compilation
  3) Design Hierarchy Analysis
  4) HDL Analysis
  5) HDL Synthesis
     5.1) HDL Synthesis Report
  6) Advanced HDL Synthesis
     6.1) Advanced HDL Synthesis Report
  7) Low Level Synthesis
  8) Partition Report
  9) Final Report
	9.1) Device utilization summary
	9.2) Partition Resource Summary
	9.3) TIMING REPORT


=========================================================================
*                      Synthesis Options Summary                        *
=========================================================================
---- Source Parameters
Input File Name                    : "VGAController.prj"
Input Format                       : mixed
Ignore Synthesis Constraint File   : NO

---- Target Parameters
Output File Name                   : "VGAController"
Output Format                      : NGC
Target Device                      : xc3s500e-5-fg320

---- Source Options
Top Module Name                    : VGAController
Automatic FSM Extraction           : YES
FSM Encoding Algorithm             : Auto
Safe Implementation                : No
FSM Style                          : LUT
RAM Extraction                     : Yes
RAM Style                          : Auto
ROM Extraction                     : Yes
Mux Style                          : Auto
Decoder Extraction                 : YES
Priority Encoder Extraction        : Yes
Shift Register Extraction          : YES
Logical Shifter Extraction         : YES
XOR Collapsing                     : YES
ROM Style                          : Auto
Mux Extraction                     : Yes
Resource Sharing                   : YES
Asynchronous To Synchronous        : NO
Multiplier Style                   : Auto
Automatic Register Balancing       : No

---- Target Options
Add IO Buffers                     : YES
Global Maximum Fanout              : 500
Add Generic Clock Buffer(BUFG)     : 24
Register Duplication               : YES
Slice Packing                      : YES
Optimize Instantiated Primitives   : NO
Use Clock Enable                   : Yes
Use Synchronous Set                : Yes
Use Synchronous Reset              : Yes
Pack IO Registers into IOBs        : Auto
Equivalent register Removal        : YES

---- General Options
Optimization Goal                  : Speed
Optimization Effort                : 1
Keep Hierarchy                     : No
Netlist Hierarchy                  : As_Optimized
RTL Output                         : Yes
Global Optimization                : AllClockNets
Read Cores                         : YES
Write Timing Constraints           : NO
Cross Clock Analysis               : NO
Hierarchy Separator                : /
Bus Delimiter                      : <>
Case Specifier                     : Maintain
Slice Utilization Ratio            : 100
BRAM Utilization Ratio             : 100
Verilog 2001                       : YES
Auto BRAM Packing                  : NO
Slice Utilization Ratio Delta      : 5

=========================================================================


=========================================================================
*                          HDL Compilation                              *
=========================================================================
WARNING:HDLParsers:3607 - Unit work/VGAController is now defined in a different file.  It was defined in "G:/1. School Files/Ryerson/COE758 Workspace/VGA/VGAController.vhd", and is now defined in "C:/Users/Yasamin/Documents/Classes/COE758/Spartan3E-master/VGAController.vhd".
WARNING:HDLParsers:3607 - Unit work/VGAController/Behavioral is now defined in a different file.  It was defined in "G:/1. School Files/Ryerson/COE758 Workspace/VGA/VGAController.vhd", and is now defined in "C:/Users/Yasamin/Documents/Classes/COE758/Spartan3E-master/VGAController.vhd".
WARNING:HDLParsers:3607 - Unit work/hsyncCounter is now defined in a different file.  It was defined in "G:/1. School Files/Ryerson/COE758 Workspace/VGA/hsyncCounter.vhd", and is now defined in "C:/Users/Yasamin/Documents/Classes/COE758/Spartan3E-master/hsyncCounter.vhd".
WARNING:HDLParsers:3607 - Unit work/hsyncCounter/Behavioral is now defined in a different file.  It was defined in "G:/1. School Files/Ryerson/COE758 Workspace/VGA/hsyncCounter.vhd", and is now defined in "C:/Users/Yasamin/Documents/Classes/COE758/Spartan3E-master/hsyncCounter.vhd".
WARNING:HDLParsers:3607 - Unit work/VGASync is now defined in a different file.  It was defined in "G:/1. School Files/Ryerson/COE758 Workspace/VGA/VGASync.vhd", and is now defined in "C:/Users/Yasamin/Documents/Classes/COE758/Spartan3E-master/VGASync.vhd".
WARNING:HDLParsers:3607 - Unit work/VGASync/Behavioral is now defined in a different file.  It was defined in "G:/1. School Files/Ryerson/COE758 Workspace/VGA/VGASync.vhd", and is now defined in "C:/Users/Yasamin/Documents/Classes/COE758/Spartan3E-master/VGASync.vhd".
WARNING:HDLParsers:3607 - Unit work/vsyncCounter is now defined in a different file.  It was defined in "G:/1. School Files/Ryerson/COE758 Workspace/VGA/vsyncCounter.vhd", and is now defined in "C:/Users/Yasamin/Documents/Classes/COE758/Spartan3E-master/vsyncCounter.vhd".
WARNING:HDLParsers:3607 - Unit work/vsyncCounter/Behavioral is now defined in a different file.  It was defined in "G:/1. School Files/Ryerson/COE758 Workspace/VGA/vsyncCounter.vhd", and is now defined in "C:/Users/Yasamin/Documents/Classes/COE758/Spartan3E-master/vsyncCounter.vhd".
Compiling vhdl file "C:/Users/Yasamin/Documents/Classes/COE758/Spartan3E-master/hsyncCounter.vhd" in Library work.
Architecture behavioral of Entity hsynccounter is up to date.
Compiling vhdl file "C:/Users/Yasamin/Documents/Classes/COE758/Spartan3E-master/vsyncCounter.vhd" in Library work.
Architecture behavioral of Entity vsynccounter is up to date.
Compiling vhdl file "C:/Users/Yasamin/Documents/Classes/COE758/Spartan3E-master/VGASync.vhd" in Library work.
Architecture behavioral of Entity vgasync is up to date.
Compiling vhdl file "C:/Users/Yasamin/Documents/Classes/COE758/Spartan3E-master/VGAController.vhd" in Library work.
Entity <vgacontroller> compiled.
Entity <vgacontroller> (Architecture <behavioral>) compiled.

=========================================================================
*                     Design Hierarchy Analysis                         *
=========================================================================
Analyzing hierarchy for entity <VGAController> in library <work> (architecture <behavioral>).

Analyzing hierarchy for entity <hsyncCounter> in library <work> (architecture <behavioral>).

Analyzing hierarchy for entity <vsyncCounter> in library <work> (architecture <behavioral>).

Analyzing hierarchy for entity <VGASync> in library <work> (architecture <behavioral>).


=========================================================================
*                            HDL Analysis                               *
=========================================================================
Analyzing Entity <VGAController> in library <work> (Architecture <behavioral>).
Entity <VGAController> analyzed. Unit <VGAController> generated.

Analyzing Entity <hsyncCounter> in library <work> (Architecture <behavioral>).
Entity <hsyncCounter> analyzed. Unit <hsyncCounter> generated.

Analyzing Entity <vsyncCounter> in library <work> (Architecture <behavioral>).
Entity <vsyncCounter> analyzed. Unit <vsyncCounter> generated.

Analyzing Entity <VGASync> in library <work> (Architecture <behavioral>).
Entity <VGASync> analyzed. Unit <VGASync> generated.


=========================================================================
*                           HDL Synthesis                               *
=========================================================================

Performing bidirectional port resolution...

Synthesizing Unit <hsyncCounter>.
    Related source file is "C:/Users/Yasamin/Documents/Classes/COE758/Spartan3E-master/hsyncCounter.vhd".
    Found 10-bit register for signal <tmp>.
    Summary:
	inferred  10 D-type flip-flop(s).
Unit <hsyncCounter> synthesized.


Synthesizing Unit <vsyncCounter>.
    Related source file is "C:/Users/Yasamin/Documents/Classes/COE758/Spartan3E-master/vsyncCounter.vhd".
WARNING:Xst:647 - Input <clr> is never used. This port will be preserved and left unconnected if it belongs to a top-level block or it belongs to a sub-block and the hierarchy of this sub-block is preserved.
WARNING:Xst:2111 - Clock of counter <tmp> seems to be also used in the data or control logic of that element.
    Found 10-bit up counter for signal <tmp>.
    Found 10-bit comparator greatequal for signal <tmp$cmp_ge0000> created at line 52.
    Summary:
	inferred   1 Counter(s).
	inferred   1 Comparator(s).
Unit <vsyncCounter> synthesized.


Synthesizing Unit <VGASync>.
    Related source file is "C:/Users/Yasamin/Documents/Classes/COE758/Spartan3E-master/VGASync.vhd".
WARNING:Xst:647 - Input <clr> is never used. This port will be preserved and left unconnected if it belongs to a top-level block or it belongs to a sub-block and the hierarchy of this sub-block is preserved.
    Found 1-bit register for signal <vsync>.
    Found 1-bit register for signal <hsync>.
    Found 10-bit comparator greatequal for signal <hsync$cmp_ge0000> created at line 52.
    Found 10-bit comparator greatequal for signal <hsync$cmp_ge0001> created at line 53.
    Summary:
	inferred   2 D-type flip-flop(s).
	inferred   2 Comparator(s).
Unit <VGASync> synthesized.


Synthesizing Unit <VGAController>.
    Related source file is "C:/Users/Yasamin/Documents/Classes/COE758/Spartan3E-master/VGAController.vhd".
WARNING:Xst:647 - Input <clr> is never used. This port will be preserved and left unconnected if it belongs to a top-level block or it belongs to a sub-block and the hierarchy of this sub-block is preserved.
Unit <VGAController> synthesized.


=========================================================================
HDL Synthesis Report

Macro Statistics
# Counters                                             : 1
 10-bit up counter                                     : 1
# Registers                                            : 3
 1-bit register                                        : 2
 10-bit register                                       : 1
# Comparators                                          : 3
 10-bit comparator greatequal                          : 3

=========================================================================

=========================================================================
*                       Advanced HDL Synthesis                          *
=========================================================================

INFO:Xst:2261 - The FF/Latch <tmp_0> in Unit <Inst_hsyncCounter> is equivalent to the following 9 FFs/Latches, which will be removed : <tmp_1> <tmp_2> <tmp_3> <tmp_4> <tmp_5> <tmp_6> <tmp_7> <tmp_8> <tmp_9> 
WARNING:Xst:1710 - FF/Latch <tmp_0> (without init value) has a constant value of 0 in block <Inst_hsyncCounter>. This FF/Latch will be trimmed during the optimization process.
WARNING:Xst:2404 -  FFs/Latches <tmp<9:0>> (without init value) have a constant value of 0 in block <hsyncCounter>.

=========================================================================
Advanced HDL Synthesis Report

Macro Statistics
# Counters                                             : 1
 10-bit up counter                                     : 1
# Registers                                            : 2
 Flip-Flops                                            : 2
# Comparators                                          : 3
 10-bit comparator greatequal                          : 3

=========================================================================

=========================================================================
*                         Low Level Synthesis                           *
=========================================================================
WARNING:Xst:1426 - The value init of the FF/Latch Inst_VGASync/hsync hinder the constant cleaning in the block VGAController.
   You should achieve better results by setting this init to 0.

Optimizing unit <VGAController> ...

Mapping all equations...
Building and optimizing final netlist ...
Found area constraint ratio of 100 (+ 5) on block VGAController, actual ratio is 0.

Final Macro Processing ...

=========================================================================
Final Register Report

Macro Statistics
# Registers                                            : 12
 Flip-Flops                                            : 12

=========================================================================

=========================================================================
*                           Partition Report                            *
=========================================================================

Partition Implementation Status
-------------------------------

  No Partitions were found in this design.

-------------------------------

=========================================================================
*                            Final Report                               *
=========================================================================
Final Results
RTL Top Level Output File Name     : VGAController.ngr
Top Level Output File Name         : VGAController
Output Format                      : NGC
Optimization Goal                  : Speed
Keep Hierarchy                     : No

Design Statistics
# IOs                              : 24

Cell Usage :
# BELS                             : 38
#      GND                         : 1
#      INV                         : 1
#      LUT1                        : 9
#      LUT3                        : 1
#      LUT3_D                      : 1
#      LUT4                        : 3
#      LUT4_D                      : 1
#      LUT4_L                      : 1
#      MUXCY                       : 9
#      VCC                         : 1
#      XORCY                       : 10
# FlipFlops/Latches                : 12
#      FDE                         : 1
#      FDR                         : 10
#      FDSE                        : 1
# Clock Buffers                    : 1
#      BUFG                        : 1
# IO Buffers                       : 23
#      IBUF                        : 1
#      OBUF                        : 22
=========================================================================

Device utilization summary:
---------------------------

Selected Device : 3s500efg320-5 

 Number of Slices:                       10  out of   4656     0%  
 Number of Slice Flip Flops:             12  out of   9312     0%  
 Number of 4 input LUTs:                 17  out of   9312     0%  
 Number of IOs:                          24
 Number of bonded IOBs:                  23  out of    232     9%  
 Number of GCLKs:                         1  out of     24     4%  

---------------------------
Partition Resource Summary:
---------------------------

  No Partitions were found in this design.

---------------------------


=========================================================================
TIMING REPORT

NOTE: THESE TIMING NUMBERS ARE ONLY A SYNTHESIS ESTIMATE.
      FOR ACCURATE TIMING INFORMATION PLEASE REFER TO THE TRACE REPORT
      GENERATED AFTER PLACE-and-ROUTE.

Clock Information:
------------------
-----------------------------------+------------------------+-------+
Clock Signal                       | Clock buffer(FF name)  | Load  |
-----------------------------------+------------------------+-------+
clk                                | IBUF+BUFG              | 12    |
-----------------------------------+------------------------+-------+

Asynchronous Control Signals Information:
----------------------------------------
No asynchronous control signals found in this design

Timing Summary:
---------------
Speed Grade: -5

   Minimum period: 4.294ns (Maximum Frequency: 232.902MHz)
   Minimum input arrival time before clock: 3.795ns
   Maximum output required time after clock: 4.221ns
   Maximum combinational path delay: No path found

Timing Detail:
--------------
All values displayed in nanoseconds (ns)

=========================================================================
Timing constraint: Default period analysis for Clock 'clk'
  Clock period: 4.294ns (frequency: 232.902MHz)
  Total number of paths / destination ports: 153 / 22
-------------------------------------------------------------------------
Delay:               4.294ns (Levels of Logic = 2)
  Source:            Inst_vsyncCounter/tmp_3 (FF)
  Destination:       Inst_vsyncCounter/tmp_0 (FF)
  Source Clock:      clk rising
  Destination Clock: clk rising

  Data Path: Inst_vsyncCounter/tmp_3 to Inst_vsyncCounter/tmp_0
                                Gate     Net
    Cell:in->out      fanout   Delay   Delay  Logical Name (Net Name)
    ----------------------------------------  ------------
     FDR:C->Q              4   0.514   0.651  Inst_vsyncCounter/tmp_3 (Inst_vsyncCounter/tmp_3)
     LUT3:I0->O            1   0.612   0.360  Inst_vsyncCounter/tmp_or00002 (Inst_vsyncCounter/tmp_or00002)
     LUT4:I3->O           10   0.612   0.750  Inst_vsyncCounter/tmp_or000023 (Inst_vsyncCounter/tmp_or0000)
     FDR:R                     0.795          Inst_vsyncCounter/tmp_0
    ----------------------------------------
    Total                      4.294ns (2.533ns logic, 1.761ns route)
                                       (59.0% logic, 41.0% route)

=========================================================================
Timing constraint: Default OFFSET IN BEFORE for Clock 'clk'
  Total number of paths / destination ports: 10 / 10
-------------------------------------------------------------------------
Offset:              3.795ns (Levels of Logic = 2)
  Source:            clk (PAD)
  Destination:       Inst_vsyncCounter/tmp_0 (FF)
  Destination Clock: clk rising

  Data Path: clk to Inst_vsyncCounter/tmp_0
                                Gate     Net
    Cell:in->out      fanout   Delay   Delay  Logical Name (Net Name)
    ----------------------------------------  ------------
     IBUF:I->O             2   1.106   0.532  clk_IBUF (clk_IBUF1)
     LUT4:I0->O           10   0.612   0.750  Inst_vsyncCounter/tmp_or000023 (Inst_vsyncCounter/tmp_or0000)
     FDR:R                     0.795          Inst_vsyncCounter/tmp_0
    ----------------------------------------
    Total                      3.795ns (2.513ns logic, 1.282ns route)
                                       (66.2% logic, 33.8% route)

=========================================================================
Timing constraint: Default OFFSET OUT AFTER for Clock 'clk'
  Total number of paths / destination ports: 12 / 12
-------------------------------------------------------------------------
Offset:              4.221ns (Levels of Logic = 1)
  Source:            Inst_vsyncCounter/tmp_6 (FF)
  Destination:       vcount<6> (PAD)
  Source Clock:      clk rising

  Data Path: Inst_vsyncCounter/tmp_6 to vcount<6>
                                Gate     Net
    Cell:in->out      fanout   Delay   Delay  Logical Name (Net Name)
    ----------------------------------------  ------------
     FDR:C->Q              5   0.514   0.538  Inst_vsyncCounter/tmp_6 (Inst_vsyncCounter/tmp_6)
     OBUF:I->O                 3.169          vcount_6_OBUF (vcount<6>)
    ----------------------------------------
    Total                      4.221ns (3.683ns logic, 0.538ns route)
                                       (87.3% logic, 12.7% route)

=========================================================================


Total REAL time to Xst completion: 7.00 secs
Total CPU time to Xst completion: 6.62 secs
 
--> 

Total memory usage is 4502336 kilobytes

Number of errors   :    0 (   0 filtered)
Number of warnings :   15 (   0 filtered)
Number of infos    :    1 (   0 filtered)

