
****** PlanAhead v13.4 (64-bit)
  **** Build 157570 by hdbuild on Fri Dec 16 13:06:31 MST 2011
    ** Copyright 1986-1999, 2001-2011 Xilinx, Inc. All Rights Reserved.

INFO: [Common-78] Attempting to get a license: PlanAhead
INFO: [Common-82] Got a license: PlanAhead
INFO: [Device-25] Loading parts and site information from C:/Xilinx/13.4/ISE_DS/PlanAhead\parts\arch.xmlParsing RTL primitives file [C:/Xilinx/13.4/ISE_DS/PlanAhead\parts\xilinx\rtl\prims\rtl_prims.xml]
Finished parsing RTL primitives file [C:/Xilinx/13.4/ISE_DS/PlanAhead\parts\xilinx\rtl\prims\rtl_prims.xml]
start_gui
starting gui ...
source C:/Users/Yasamin/Documents/Classes/COE758/Spartan3E-master/pa.fromHdl.tcl
# create_project -name VGA -dir "C:/Users/Yasamin/Documents/Classes/COE758/Spartan3E-master/planAhead_run_1" -part xc3s500efg320-5
Parsing template File [C:/Xilinx/13.4/ISE_DS/ISE\data\projnav\templates\verilog.xml].
Finished parsing template File [C:/Xilinx/13.4/ISE_DS/ISE\data\projnav\templates\verilog.xml].
Parsing template File [C:/Xilinx/13.4/ISE_DS/ISE\data\projnav\templates\vhdl.xml].
Finished parsing template File [C:/Xilinx/13.4/ISE_DS/ISE\data\projnav\templates\vhdl.xml].
Parsing template File [C:/Xilinx/13.4/ISE_DS/ISE\data\projnav\templates\ucf.xml].
Finished parsing template File [C:/Xilinx/13.4/ISE_DS/ISE\data\projnav\templates\ucf.xml].
# set_param project.pinAheadLayout yes
# set srcset [get_property srcset [current_run -impl]]
# set_property target_constrs_file "RGBGen.ucf" [current_fileset -constrset]
Adding file 'C:\Users\Yasamin\Documents\Classes\COE758\Spartan3E-master\RGBGen.ucf' to fileset 'constrs_1'
# set hdlfile [add_files [list {VGAController.vhd}]]
# set_property file_type VHDL $hdlfile
# set_property library work $hdlfile
# set hdlfile [add_files [list {refreshClk.vhd}]]
# set_property file_type VHDL $hdlfile
# set_property library work $hdlfile
# set hdlfile [add_files [list {RGBGen.vhd}]]
# set_property file_type VHDL $hdlfile
# set_property library work $hdlfile
# set_property top RGBGen $srcset
# add_files [list {RGBGen.ucf}] -fileset [get_property constrset [current_run]]
# open_rtl_design -part xc3s500efg320-5
INFO: [PlanAhead-58] Using Verific elaboration
Parsing VHDL file "C:/Xilinx/13.4/ISE_DS/PlanAhead\parts\xilinx\rtl\lib\synplify\synattr.vhd" into library synplify
Parsing VHDL file "C:/Xilinx/13.4/ISE_DS/PlanAhead\parts\xilinx\rtl\lib\synplify\synattr.vhd" into library synplify
Parsing VHDL file "C:\Users\Yasamin\Documents\Classes\COE758\Spartan3E-master\VGAController.vhd" into library work
Parsing VHDL file "C:\Users\Yasamin\Documents\Classes\COE758\Spartan3E-master\refreshClk.vhd" into library work
Parsing VHDL file "C:\Users\Yasamin\Documents\Classes\COE758\Spartan3E-master\RGBGen.vhd" into library work
INFO: [PlanAhead-430] Reading macro library C:/Xilinx/13.4/ISE_DS/PlanAhead\./parts/xilinx/spartan3e/spartan3e/hd_int_macros.edn
Parsing EDIF File [C:/Xilinx/13.4/ISE_DS/PlanAhead\./parts/xilinx/spartan3e/spartan3e/hd_int_macros.edn]
Finished Parsing EDIF File [C:/Xilinx/13.4/ISE_DS/PlanAhead\./parts/xilinx/spartan3e/spartan3e/hd_int_macros.edn]
Loading clock regions from C:/Xilinx/13.4/ISE_DS/PlanAhead\parts/xilinx/spartan3e/spartan3e/xc3s500e/ClockRegion.xml
Loading clock buffers from C:/Xilinx/13.4/ISE_DS/PlanAhead\parts/xilinx/spartan3e/spartan3e/xc3s500e/ClockBuffers.xml
Loading package from C:/Xilinx/13.4/ISE_DS/PlanAhead\parts/xilinx/spartan3e/spartan3e/xc3s500e/fg320/Package.xml
Loading io standards from C:/Xilinx/13.4/ISE_DS/PlanAhead\./parts/xilinx/spartan3e/IOStandards.xml
INFO: [Device-19] Loading pkg sso from C:/Xilinx/13.4/ISE_DS/PlanAhead\parts/xilinx/spartan3e/spartan3e/xc3s500e/fg320/SSORules.xml
Loading list of drcs for the architecture : C:/Xilinx/13.4/ISE_DS/PlanAhead\./parts/xilinx/spartan3e/spartan3e/drc.xml
INFO: [Timing-77] Reading timing library C:/Xilinx/13.4/ISE_DS/PlanAhead\parts/xilinx/spartan3e/spartan3e/spartan3e-5.lib.
INFO: [Timing-34] Done reading timing library C:/Xilinx/13.4/ISE_DS/PlanAhead\parts/xilinx/spartan3e/spartan3e/spartan3e-5.lib.
Parsing UCF File [C:\Users\Yasamin\Documents\Classes\COE758\Spartan3E-master\RGBGen.ucf]
Finished Parsing UCF File [C:\Users\Yasamin\Documents\Classes\COE758\Spartan3E-master\RGBGen.ucf]
INFO: [PlanAhead-566] Unisim Transformation Summary:
No Unisim elements were transformed.open_rtl_design: Time (s): 11.476w.  Memory (MB): 640.613p 130.531g
Qt: Untested Windows version 6.2 detected!
exit
stop_gui
INFO: [PlanAhead-261] Exiting PlanAhead...
INFO: [Common-83] Releasing license: PlanAhead
